{"name":"testMethod","status":"skipped","statusDetails":{"known":false,"muted":false,"flaky":false,"message":"Expected condition failed: waiting for visibility of element located by By.id: com.ahnlab.v3mobilesecurity.soda:id/btn_push_alert (tried for 20 second(s) with 500 milliseconds interval)","trace":"org.openqa.selenium.TimeoutException: Expected condition failed: waiting for visibility of element located by By.id: com.ahnlab.v3mobilesecurity.soda:id/btn_push_alert (tried for 20 second(s) with 500 milliseconds interval)\n\tat org.openqa.selenium.support.ui.WebDriverWait.timeoutException(WebDriverWait.java:81)\n\tat org.openqa.selenium.support.ui.FluentWait.until(FluentWait.java:271)\n\tat com.ahnlab.android.objects.BehaviorParser.mobileClickParser(BehaviorParser.java:22)\n\tat com.ahnlab.testcase.Testcase.testMethod(Testcase.java:43)\n\tat java.base/jdk.internal.reflect.NativeMethodAccessorImpl.invoke0(Native Method)\n\tat java.base/jdk.internal.reflect.NativeMethodAccessorImpl.invoke(NativeMethodAccessorImpl.java:62)\n\tat java.base/jdk.internal.reflect.DelegatingMethodAccessorImpl.invoke(DelegatingMethodAccessorImpl.java:43)\n\tat java.base/java.lang.reflect.Method.invoke(Method.java:567)\n\tat org.testng.internal.MethodInvocationHelper.invokeMethod(MethodInvocationHelper.java:124)\n\tat org.testng.internal.Invoker.invokeMethod(Invoker.java:583)\n\tat org.testng.internal.Invoker.invokeTestMethod(Invoker.java:719)\n\tat org.testng.internal.Invoker.invokeTestMethods(Invoker.java:989)\n\tat org.testng.internal.TestMethodWorker.invokeTestMethods(TestMethodWorker.java:125)\n\tat org.testng.internal.TestMethodWorker.run(TestMethodWorker.java:109)\n\tat org.testng.TestRunner.privateRun(TestRunner.java:648)\n\tat org.testng.TestRunner.run(TestRunner.java:505)\n\tat org.testng.SuiteRunner.runTest(SuiteRunner.java:455)\n\tat org.testng.SuiteRunner.access$000(SuiteRunner.java:40)\n\tat org.testng.SuiteRunner$SuiteWorker.run(SuiteRunner.java:489)\n\tat org.testng.internal.thread.ThreadUtil$1.call(ThreadUtil.java:52)\n\tat java.base/java.util.concurrent.FutureTask.run(FutureTask.java:264)\n\tat java.base/java.util.concurrent.ThreadPoolExecutor.runWorker(ThreadPoolExecutor.java:1128)\n\tat java.base/java.util.concurrent.ThreadPoolExecutor$Worker.run(ThreadPoolExecutor.java:628)\n\tat java.base/java.lang.Thread.run(Thread.java:835)\nCaused by: org.openqa.selenium.NoSuchElementException: Cannot locate an element using By.id: com.ahnlab.v3mobilesecurity.soda:id/btn_push_alert\nFor documentation on this error, please visit: http://seleniumhq.org/exceptions/no_such_element.html\nBuild info: version: '3.12.0', revision: '7c6e0b3', time: '2018-05-08T14:04:26.12Z'\nSystem info: host: 'Juneui-iMac.local', ip: 'fe80:0:0:0:1c43:e123:7183:852e%en0', os.name: 'Mac OS X', os.arch: 'x86_64', os.version: '10.14.4', java.version: '12'\nDriver info: driver.version: unknown\n\tat org.openqa.selenium.support.ui.ExpectedConditions.lambda$findElement$0(ExpectedConditions.java:896)\n\tat java.base/java.util.Optional.orElseThrow(Optional.java:408)\n\tat org.openqa.selenium.support.ui.ExpectedConditions.findElement(ExpectedConditions.java:895)\n\tat org.openqa.selenium.support.ui.ExpectedConditions.access$000(ExpectedConditions.java:44)\n\tat org.openqa.selenium.support.ui.ExpectedConditions$7.apply(ExpectedConditions.java:206)\n\tat org.openqa.selenium.support.ui.ExpectedConditions$7.apply(ExpectedConditions.java:202)\n\tat org.openqa.selenium.support.ui.FluentWait.until(FluentWait.java:248)\n\t... 22 more\n"},"stage":"finished","description":"projectName","steps":[],"attachments":[],"parameters":[{"name":"noReset","value":"true"},{"name":"newCommandTimeout","value":"120"},{"name":"platformVersion","value":"9.0"},{"name":"automationName","value":"UIAutomator2"},{"name":"appiumServer","value":"http://0.0.0.0:4723/wd/hub"},{"name":"projectName","value":"SODA"},{"name":"platformName","value":"Android"},{"name":"udid","value":"710KPLC0272848"},{"name":"deviceName","value":"Pixel 2 XL"},{"name":"testcase","value":"test, test"}],"start":1554083978632,"stop":1554084084981,"uuid":"f627d5ed-2c69-490f-8676-c0f53967d18f","historyId":"81b36c5d6aa3e2553c783ab15bd25f15","fullName":"com.ahnlab.testcase.Testcase.testMethod","labels":[{"name":"package","value":"com.ahnlab.testcase.Testcase"},{"name":"testClass","value":"com.ahnlab.testcase.Testcase"},{"name":"testMethod","value":"testMethod"},{"name":"parentSuite","value":"Suite"},{"name":"suite","value":"SODA"},{"name":"subSuite","value":"com.ahnlab.testcase.Testcase"},{"name":"host","value":"Juneui-iMac.local"},{"name":"thread","value":"11193@Juneui-iMac.local.TestNG-tests-1(14)"}],"links":[]}