<?xml version="1.0" encoding="UTF-8"?>
<testng-results skipped="0" failed="2" ignored="0" total="2" passed="0">
  <reporter-output>
  </reporter-output>
  <suite name="Suite" duration-ms="49128" started-at="2019-09-23T09:56:56Z" finished-at="2019-09-23T09:57:46Z">
    <groups>
    </groups>
    <test name="ESAND" duration-ms="16354" started-at="2019-09-23T09:56:56Z" finished-at="2019-09-23T09:57:13Z">
      <class name="com.ahnlab.testcase.Testcase">
        <test-method status="PASS" signature="setUp(java.lang.String, java.lang.String, java.lang.String, java.lang.String, java.lang.String, java.lang.String, boolean, java.lang.String, java.lang.String)[pri:0, instance:com.ahnlab.testcase.Testcase@50b1f030]" name="setUp" is-config="true" duration-ms="16029" started-at="2019-09-23T09:56:56Z" finished-at="2019-09-23T09:57:12Z">
          <params>
            <param index="0">
              <value>
                <![CDATA[ESAND]]>
              </value>
            </param>
            <param index="1">
              <value>
                <![CDATA[Android]]>
              </value>
            </param>
            <param index="2">
              <value>
                <![CDATA[9.0]]>
              </value>
            </param>
            <param index="3">
              <value>
                <![CDATA[Pixel 2 XL]]>
              </value>
            </param>
            <param index="4">
              <value>
                <![CDATA[710KPLC0272848]]>
              </value>
            </param>
            <param index="5">
              <value>
                <![CDATA[http://0.0.0.0:4723/wd/hub]]>
              </value>
            </param>
            <param index="6">
              <value>
                <![CDATA[false]]>
              </value>
            </param>
            <param index="7">
              <value>
                <![CDATA[setup_Test]]>
              </value>
            </param>
            <param index="8">
              <value>
                <![CDATA[UIAutomator2]]>
              </value>
            </param>
          </params>
          <reporter-output>
          </reporter-output>
        </test-method> <!-- setUp -->
        <test-method status="FAIL" signature="testMethod(java.lang.String, java.lang.String, java.lang.String)[pri:0, instance:com.ahnlab.testcase.Testcase@50b1f030]" name="testMethod" duration-ms="206" started-at="2019-09-23T09:57:13Z" finished-at="2019-09-23T09:57:13Z">
          <params>
            <param index="0">
              <value>
                <![CDATA[/Users/juneahn/git/m_blia/Resource/TechniqueWriting/SODA/VMS_Android30_Korea_ko_kr.xml]]>
              </value>
            </param>
            <param index="1">
              <value>
                <![CDATA[./Resource/TestScripts/]]>
              </value>
            </param>
            <param index="2">
              <value>
                <![CDATA[/Users/juneahn/Library/Android/sdk/platform-tools/adb]]>
              </value>
            </param>
          </params>
          <exception class="java.lang.ExceptionInInitializerError">
            <full-stacktrace>
              <![CDATA[java.lang.ExceptionInInitializerError
at com.ahnlab.android.objects.behavior.TouchObj.mClickSize2(TouchObj.java:56)
at com.ahnlab.android.objects.behavior.ReadTestCaseObj.readTestCase(ReadTestCaseObj.java:33)
at com.ahnlab.testcase.Testcase.testMethod(Testcase.java:64)
at sun.reflect.NativeMethodAccessorImpl.invoke0(Native Method)
at sun.reflect.NativeMethodAccessorImpl.invoke(NativeMethodAccessorImpl.java:62)
at sun.reflect.DelegatingMethodAccessorImpl.invoke(DelegatingMethodAccessorImpl.java:43)
at java.lang.reflect.Method.invoke(Method.java:498)
at org.testng.internal.MethodInvocationHelper.invokeMethod(MethodInvocationHelper.java:124)
at org.testng.internal.Invoker.invokeMethod(Invoker.java:583)
at org.testng.internal.Invoker.invokeTestMethod(Invoker.java:719)
at org.testng.internal.Invoker.invokeTestMethods(Invoker.java:989)
at org.testng.internal.TestMethodWorker.invokeTestMethods(TestMethodWorker.java:125)
at org.testng.internal.TestMethodWorker.run(TestMethodWorker.java:109)
at org.testng.TestRunner.privateRun(TestRunner.java:648)
at org.testng.TestRunner.run(TestRunner.java:505)
at org.testng.SuiteRunner.runTest(SuiteRunner.java:455)
at org.testng.SuiteRunner.access$000(SuiteRunner.java:40)
at org.testng.SuiteRunner$SuiteWorker.run(SuiteRunner.java:489)
at org.testng.internal.thread.ThreadUtil$1.call(ThreadUtil.java:52)
at java.util.concurrent.FutureTask.run(FutureTask.java:266)
at java.util.concurrent.ThreadPoolExecutor.runWorker(ThreadPoolExecutor.java:1149)
at java.util.concurrent.ThreadPoolExecutor$Worker.run(ThreadPoolExecutor.java:624)
at java.lang.Thread.run(Thread.java:748)
Caused by: java.lang.NullPointerException
at java.util.Objects.requireNonNull(Objects.java:203)
at org.openqa.selenium.support.ui.FluentWait.<init>(FluentWait.java:106)
at org.openqa.selenium.support.ui.WebDriverWait.<init>(WebDriverWait.java:85)
at org.openqa.selenium.support.ui.WebDriverWait.<init>(WebDriverWait.java:45)
at com.ahnlab.android.objects.ScreenshotObj.<clinit>(ScreenshotObj.java:27)
... 23 more
]]>
            </full-stacktrace>
          </exception> <!-- java.lang.ExceptionInInitializerError -->
          <reporter-output>
          </reporter-output>
        </test-method> <!-- testMethod -->
        <test-method status="PASS" signature="tearDown(org.testng.ITestResult)[pri:0, instance:com.ahnlab.testcase.Testcase@50b1f030]" name="tearDown" is-config="true" duration-ms="1" started-at="2019-09-23T09:57:13Z" finished-at="2019-09-23T09:57:13Z">
          <params>
            <param index="0">
              <value>
                <![CDATA[[TestResult name=testMethod status=FAILURE method=Testcase.testMethod(java.lang.String, java.lang.String, java.lang.String)[pri:0, instance:com.ahnlab.testcase.Testcase@50b1f030] output={null}]]]>
              </value>
            </param>
          </params>
          <reporter-output>
          </reporter-output>
        </test-method> <!-- tearDown -->
      </class> <!-- com.ahnlab.testcase.Testcase -->
    </test> <!-- ESAND -->
    <test name="ESAND12" duration-ms="49128" started-at="2019-09-23T09:56:56Z" finished-at="2019-09-23T09:57:46Z">
      <class name="com.ahnlab.testcase.Testcase">
        <test-method status="PASS" signature="setUp(java.lang.String, java.lang.String, java.lang.String, java.lang.String, java.lang.String, java.lang.String, boolean, java.lang.String, java.lang.String)[pri:0, instance:com.ahnlab.testcase.Testcase@14a54ef6]" name="setUp" is-config="true" duration-ms="48955" started-at="2019-09-23T09:56:56Z" finished-at="2019-09-23T09:57:45Z">
          <params>
            <param index="0">
              <value>
                <![CDATA[ESAND]]>
              </value>
            </param>
            <param index="1">
              <value>
                <![CDATA[Android]]>
              </value>
            </param>
            <param index="2">
              <value>
                <![CDATA[7.1.1]]>
              </value>
            </param>
            <param index="3">
              <value>
                <![CDATA[Galaxy Note8]]>
              </value>
            </param>
            <param index="4">
              <value>
                <![CDATA[ce071717419d00000c7e]]>
              </value>
            </param>
            <param index="5">
              <value>
                <![CDATA[http://0.0.0.0:4724/wd/hub]]>
              </value>
            </param>
            <param index="6">
              <value>
                <![CDATA[false]]>
              </value>
            </param>
            <param index="7">
              <value>
                <![CDATA[setup_Test]]>
              </value>
            </param>
            <param index="8">
              <value>
                <![CDATA[UIAutomator2]]>
              </value>
            </param>
          </params>
          <reporter-output>
          </reporter-output>
        </test-method> <!-- setUp -->
        <test-method status="FAIL" signature="testMethod(java.lang.String, java.lang.String, java.lang.String)[pri:0, instance:com.ahnlab.testcase.Testcase@14a54ef6]" name="testMethod" duration-ms="155" started-at="2019-09-23T09:57:45Z" finished-at="2019-09-23T09:57:46Z">
          <params>
            <param index="0">
              <value>
                <![CDATA[/Users/juneahn/git/m_blia/Resource/TechniqueWriting/SODA/VMS_Android30_Korea_ko_kr.xml]]>
              </value>
            </param>
            <param index="1">
              <value>
                <![CDATA[./Resource/TestScripts/]]>
              </value>
            </param>
            <param index="2">
              <value>
                <![CDATA[/Users/juneahn/Library/Android/sdk/platform-tools/adb]]>
              </value>
            </param>
          </params>
          <exception class="java.lang.NoClassDefFoundError">
            <message>
              <![CDATA[Could not initialize class com.ahnlab.android.objects.ScreenshotObj]]>
            </message>
            <full-stacktrace>
              <![CDATA[java.lang.NoClassDefFoundError: Could not initialize class com.ahnlab.android.objects.ScreenshotObj
at com.ahnlab.android.objects.behavior.TouchObj.mClickSize2(TouchObj.java:56)
at com.ahnlab.android.objects.behavior.ReadTestCaseObj.readTestCase(ReadTestCaseObj.java:33)
at com.ahnlab.testcase.Testcase.testMethod(Testcase.java:64)
at sun.reflect.NativeMethodAccessorImpl.invoke0(Native Method)
at sun.reflect.NativeMethodAccessorImpl.invoke(NativeMethodAccessorImpl.java:62)
at sun.reflect.DelegatingMethodAccessorImpl.invoke(DelegatingMethodAccessorImpl.java:43)
at java.lang.reflect.Method.invoke(Method.java:498)
at org.testng.internal.MethodInvocationHelper.invokeMethod(MethodInvocationHelper.java:124)
at org.testng.internal.Invoker.invokeMethod(Invoker.java:583)
at org.testng.internal.Invoker.invokeTestMethod(Invoker.java:719)
at org.testng.internal.Invoker.invokeTestMethods(Invoker.java:989)
at org.testng.internal.TestMethodWorker.invokeTestMethods(TestMethodWorker.java:125)
at org.testng.internal.TestMethodWorker.run(TestMethodWorker.java:109)
at org.testng.TestRunner.privateRun(TestRunner.java:648)
at org.testng.TestRunner.run(TestRunner.java:505)
at org.testng.SuiteRunner.runTest(SuiteRunner.java:455)
at org.testng.SuiteRunner.access$000(SuiteRunner.java:40)
at org.testng.SuiteRunner$SuiteWorker.run(SuiteRunner.java:489)
at org.testng.internal.thread.ThreadUtil$1.call(ThreadUtil.java:52)
at java.util.concurrent.FutureTask.run(FutureTask.java:266)
at java.util.concurrent.ThreadPoolExecutor.runWorker(ThreadPoolExecutor.java:1149)
at java.util.concurrent.ThreadPoolExecutor$Worker.run(ThreadPoolExecutor.java:624)
at java.lang.Thread.run(Thread.java:748)
]]>
            </full-stacktrace>
          </exception> <!-- java.lang.NoClassDefFoundError -->
          <reporter-output>
          </reporter-output>
        </test-method> <!-- testMethod -->
        <test-method status="PASS" signature="tearDown(org.testng.ITestResult)[pri:0, instance:com.ahnlab.testcase.Testcase@14a54ef6]" name="tearDown" is-config="true" duration-ms="1" started-at="2019-09-23T09:57:46Z" finished-at="2019-09-23T09:57:46Z">
          <params>
            <param index="0">
              <value>
                <![CDATA[[TestResult name=testMethod status=FAILURE method=Testcase.testMethod(java.lang.String, java.lang.String, java.lang.String)[pri:0, instance:com.ahnlab.testcase.Testcase@14a54ef6] output={null}]]]>
              </value>
            </param>
          </params>
          <reporter-output>
          </reporter-output>
        </test-method> <!-- tearDown -->
      </class> <!-- com.ahnlab.testcase.Testcase -->
    </test> <!-- ESAND12 -->
  </suite> <!-- Suite -->
</testng-results>
